\BOOKMARK [0][-]{chapter*.2}{Summary}{}% 1
\BOOKMARK [0][-]{chapter*.3}{Preface}{}% 2
\BOOKMARK [0][-]{chapter*.4}{Table of Contents}{}% 3
\BOOKMARK [0][-]{chapter*.5}{List of Tables}{}% 4
\BOOKMARK [0][-]{chapter*.6}{List of Figures}{}% 5
\BOOKMARK [0][-]{chapter*.7}{Acknowledgements}{}% 6
\BOOKMARK [0][-]{chapter.1}{General Introduction}{}% 7
\BOOKMARK [1][-]{section.1.1}{Structure \046 contents of this thesis}{chapter.1}% 8
\BOOKMARK [0][-]{chapter.2}{Flicker fusion}{}% 9
\BOOKMARK [1][-]{section.2.1}{Summary}{chapter.2}% 10
\BOOKMARK [1][-]{section.2.2}{Introduction}{chapter.2}% 11
\BOOKMARK [1][-]{section.2.3}{Methods}{chapter.2}% 12
\BOOKMARK [1][-]{section.2.4}{Results}{chapter.2}% 13
\BOOKMARK [1][-]{section.2.5}{Discussion}{chapter.2}% 14
\BOOKMARK [0][-]{chapter*.14}{Bibliography}{}% 15
\BOOKMARK [0][-]{chapter.3}{Longevity}{}% 16
\BOOKMARK [1][-]{section.3.1}{Summary}{chapter.3}% 17
\BOOKMARK [1][-]{section.3.2}{Introduction}{chapter.3}% 18
\BOOKMARK [1][-]{section.3.3}{Materials and Methods}{chapter.3}% 19
\BOOKMARK [1][-]{section.3.4}{Results}{chapter.3}% 20
\BOOKMARK [1][-]{section.3.5}{Discussion}{chapter.3}% 21
\BOOKMARK [0][-]{chapter*.21}{Bibliography}{}% 22
\BOOKMARK [0][-]{chapter.4}{Snake}{}% 23
\BOOKMARK [1][-]{section.4.1}{Summary}{chapter.4}% 24
\BOOKMARK [1][-]{section.4.2}{Introduction}{chapter.4}% 25
\BOOKMARK [1][-]{section.4.3}{Materials and Methods}{chapter.4}% 26
\BOOKMARK [1][-]{section.4.4}{Results}{chapter.4}% 27
\BOOKMARK [1][-]{section.4.5}{Discussion}{chapter.4}% 28
\BOOKMARK [0][-]{chapter.5}{Conclusion}{}% 29
\BOOKMARK [1][-]{section.5.1}{Future directions}{chapter.5}% 30
\BOOKMARK [0][-]{chapter*.23}{Bibliography}{}% 31
\BOOKMARK [0][-]{section*.24}{Appendices}{}% 32
\BOOKMARK [0][-]{appendix.A}{Supplementary Information to labstudy}{}% 33
\BOOKMARK [1][-]{section.A.1}{Additional cool equations}{appendix.A}% 34
